sniffing on eth0
got a packet
###[ Ethernet ]### 
  dst       = 08:00:00:00:02:02
  src       = 08:00:00:00:02:00
  type      = IPv4
###[ IP ]### 
     version   = 4
     ihl       = 5
     tos       = 0x1
     len       = 37
     id        = 1
     flags     = 
     frag      = 0
     ttl       = 62
     proto     = udp
     chksum    = 0x65c4
     src       = 10.0.1.1
     dst       = 10.0.2.2
     \options   \
###[ UDP ]### 
        sport     = 1234
        dport     = 4321
        len       = 17
        chksum    = 0xd745
###[ Raw ]### 
           load      = '031902327'

got a packet
###[ Ethernet ]### 
  dst       = 08:00:00:00:02:02
  src       = 08:00:00:00:02:00
  type      = IPv4
###[ IP ]### 
     version   = 4
     ihl       = 5
     tos       = 0x1
     len       = 37
     id        = 1
     flags     = 
     frag      = 0
     ttl       = 62
     proto     = udp
     chksum    = 0x65c4
     src       = 10.0.1.1
     dst       = 10.0.2.2
     \options   \
###[ UDP ]### 
        sport     = 1234
        dport     = 4321
        len       = 17
        chksum    = 0xd745
###[ Raw ]### 
           load      = '031902327'

got a packet
###[ Ethernet ]### 
  dst       = 08:00:00:00:02:02
  src       = 08:00:00:00:02:00
  type      = IPv4
###[ IP ]### 
     version   = 4
     ihl       = 5
     tos       = 0x1
     len       = 37
     id        = 1
     flags     = 
     frag      = 0
     ttl       = 62
     proto     = udp
     chksum    = 0x65c4
     src       = 10.0.1.1
     dst       = 10.0.2.2
     \options   \
###[ UDP ]### 
        sport     = 1234
        dport     = 4321
        len       = 17
        chksum    = 0xd745
###[ Raw ]### 
           load      = '031902327'

got a packet
###[ Ethernet ]### 
  dst       = 08:00:00:00:02:02
  src       = 08:00:00:00:02:00
  type      = IPv4
###[ IP ]### 
     version   = 4
     ihl       = 5
     tos       = 0x1
     len       = 37
     id        = 1
     flags     = 
     frag      = 0
     ttl       = 62
     proto     = udp
     chksum    = 0x65c4
     src       = 10.0.1.1
     dst       = 10.0.2.2
     \options   \
###[ UDP ]### 
        sport     = 1234
        dport     = 4321
        len       = 17
        chksum    = 0xd745
###[ Raw ]### 
           load      = '031902327'

got a packet
###[ Ethernet ]### 
  dst       = 08:00:00:00:02:02
  src       = 08:00:00:00:02:00
  type      = IPv4
###[ IP ]### 
     version   = 4
     ihl       = 5
     tos       = 0x1
     len       = 37
     id        = 1
     flags     = 
     frag      = 0
     ttl       = 62
     proto     = udp
     chksum    = 0x65c4
     src       = 10.0.1.1
     dst       = 10.0.2.2
     \options   \
###[ UDP ]### 
        sport     = 1234
        dport     = 4321
        len       = 17
        chksum    = 0xd745
###[ Raw ]### 
           load      = '031902327'

got a packet
###[ Ethernet ]### 
  dst       = 08:00:00:00:02:02
  src       = 08:00:00:00:02:00
  type      = IPv4
###[ IP ]### 
     version   = 4
     ihl       = 5
     tos       = 0x1
     len       = 37
     id        = 1
     flags     = 
     frag      = 0
     ttl       = 62
     proto     = udp
     chksum    = 0x65c4
     src       = 10.0.1.1
     dst       = 10.0.2.2
     \options   \
###[ UDP ]### 
        sport     = 1234
        dport     = 4321
        len       = 17
        chksum    = 0xd745
###[ Raw ]### 
           load      = '031902327'

got a packet
###[ Ethernet ]### 
  dst       = 08:00:00:00:02:02
  src       = 08:00:00:00:02:00
  type      = IPv4
###[ IP ]### 
     version   = 4
     ihl       = 5
     tos       = 0x1
     len       = 37
     id        = 1
     flags     = 
     frag      = 0
     ttl       = 62
     proto     = udp
     chksum    = 0x65c4
     src       = 10.0.1.1
     dst       = 10.0.2.2
     \options   \
###[ UDP ]### 
        sport     = 1234
        dport     = 4321
        len       = 17
        chksum    = 0xd745
###[ Raw ]### 
           load      = '031902327'

got a packet
###[ Ethernet ]### 
  dst       = 08:00:00:00:02:02
  src       = 08:00:00:00:02:00
  type      = IPv4
###[ IP ]### 
     version   = 4
     ihl       = 5
     tos       = 0x1
     len       = 37
     id        = 1
     flags     = 
     frag      = 0
     ttl       = 62
     proto     = udp
     chksum    = 0x65c4
     src       = 10.0.1.1
     dst       = 10.0.2.2
     \options   \
###[ UDP ]### 
        sport     = 1234
        dport     = 4321
        len       = 17
        chksum    = 0xd745
###[ Raw ]### 
           load      = '031902327'

got a packet
###[ Ethernet ]### 
  dst       = 08:00:00:00:02:02
  src       = 08:00:00:00:02:00
  type      = IPv4
###[ IP ]### 
     version   = 4
     ihl       = 5
     tos       = 0x1
     len       = 37
     id        = 1
     flags     = 
     frag      = 0
     ttl       = 62
     proto     = udp
     chksum    = 0x65c4
     src       = 10.0.1.1
     dst       = 10.0.2.2
     \options   \
###[ UDP ]### 
        sport     = 1234
        dport     = 4321
        len       = 17
        chksum    = 0xd745
###[ Raw ]### 
           load      = '031902327'

got a packet
###[ Ethernet ]### 
  dst       = 08:00:00:00:02:02
  src       = 08:00:00:00:02:00
  type      = IPv4
###[ IP ]### 
     version   = 4
     ihl       = 5
     tos       = 0x1
     len       = 37
     id        = 1
     flags     = 
     frag      = 0
     ttl       = 62
     proto     = udp
     chksum    = 0x65c4
     src       = 10.0.1.1
     dst       = 10.0.2.2
     \options   \
###[ UDP ]### 
        sport     = 1234
        dport     = 4321
        len       = 17
        chksum    = 0xd745
###[ Raw ]### 
           load      = '031902327'

got a packet
###[ Ethernet ]### 
  dst       = 08:00:00:00:02:02
  src       = 08:00:00:00:02:00
  type      = IPv4
###[ IP ]### 
     version   = 4
     ihl       = 5
     tos       = 0x1
     len       = 37
     id        = 1
     flags     = 
     frag      = 0
     ttl       = 62
     proto     = udp
     chksum    = 0x65c4
     src       = 10.0.1.1
     dst       = 10.0.2.2
     \options   \
###[ UDP ]### 
        sport     = 1234
        dport     = 4321
        len       = 17
        chksum    = 0xd745
###[ Raw ]### 
           load      = '031902327'

got a packet
###[ Ethernet ]### 
  dst       = 08:00:00:00:02:02
  src       = 08:00:00:00:02:00
  type      = IPv4
###[ IP ]### 
     version   = 4
     ihl       = 5
     tos       = 0x1
     len       = 37
     id        = 1
     flags     = 
     frag      = 0
     ttl       = 62
     proto     = udp
     chksum    = 0x65c4
     src       = 10.0.1.1
     dst       = 10.0.2.2
     \options   \
###[ UDP ]### 
        sport     = 1234
        dport     = 4321
        len       = 17
        chksum    = 0xd745
###[ Raw ]### 
           load      = '031902327'

got a packet
###[ Ethernet ]### 
  dst       = 08:00:00:00:02:02
  src       = 08:00:00:00:02:00
  type      = IPv4
###[ IP ]### 
     version   = 4
     ihl       = 5
     tos       = 0x3
     len       = 37
     id        = 1
     flags     = 
     frag      = 0
     ttl       = 62
     proto     = udp
     chksum    = 0x65c2
     src       = 10.0.1.1
     dst       = 10.0.2.2
     \options   \
###[ UDP ]### 
        sport     = 1234
        dport     = 4321
        len       = 17
        chksum    = 0xd745
###[ Raw ]### 
           load      = '031902327'

got a packet
###[ Ethernet ]### 
  dst       = 08:00:00:00:02:02
  src       = 08:00:00:00:02:00
  type      = IPv4
###[ IP ]### 
     version   = 4
     ihl       = 5
     tos       = 0x3
     len       = 37
     id        = 1
     flags     = 
     frag      = 0
     ttl       = 62
     proto     = udp
     chksum    = 0x65c2
     src       = 10.0.1.1
     dst       = 10.0.2.2
     \options   \
###[ UDP ]### 
        sport     = 1234
        dport     = 4321
        len       = 17
        chksum    = 0xd745
###[ Raw ]### 
           load      = '031902327'

got a packet
###[ Ethernet ]### 
  dst       = 08:00:00:00:02:02
  src       = 08:00:00:00:02:00
  type      = IPv4
###[ IP ]### 
     version   = 4
     ihl       = 5
     tos       = 0x3
     len       = 37
     id        = 1
     flags     = 
     frag      = 0
     ttl       = 62
     proto     = udp
     chksum    = 0x65c2
     src       = 10.0.1.1
     dst       = 10.0.2.2
     \options   \
###[ UDP ]### 
        sport     = 1234
        dport     = 4321
        len       = 17
        chksum    = 0xd745
###[ Raw ]### 
           load      = '031902327'

got a packet
###[ Ethernet ]### 
  dst       = 08:00:00:00:02:02
  src       = 08:00:00:00:02:00
  type      = IPv4
###[ IP ]### 
     version   = 4
     ihl       = 5
     tos       = 0x3
     len       = 37
     id        = 1
     flags     = 
     frag      = 0
     ttl       = 62
     proto     = udp
     chksum    = 0x65c2
     src       = 10.0.1.1
     dst       = 10.0.2.2
     \options   \
###[ UDP ]### 
        sport     = 1234
        dport     = 4321
        len       = 17
        chksum    = 0xd745
###[ Raw ]### 
           load      = '031902327'

got a packet
###[ Ethernet ]### 
  dst       = 08:00:00:00:02:02
  src       = 08:00:00:00:02:00
  type      = IPv4
###[ IP ]### 
     version   = 4
     ihl       = 5
     tos       = 0x3
     len       = 37
     id        = 1
     flags     = 
     frag      = 0
     ttl       = 62
     proto     = udp
     chksum    = 0x65c2
     src       = 10.0.1.1
     dst       = 10.0.2.2
     \options   \
###[ UDP ]### 
        sport     = 1234
        dport     = 4321
        len       = 17
        chksum    = 0xd745
###[ Raw ]### 
           load      = '031902327'

got a packet
###[ Ethernet ]### 
  dst       = 08:00:00:00:02:02
  src       = 08:00:00:00:02:00
  type      = IPv4
###[ IP ]### 
     version   = 4
     ihl       = 5
     tos       = 0x1
     len       = 37
     id        = 1
     flags     = 
     frag      = 0
     ttl       = 62
     proto     = udp
     chksum    = 0x65c4
     src       = 10.0.1.1
     dst       = 10.0.2.2
     \options   \
###[ UDP ]### 
        sport     = 1234
        dport     = 4321
        len       = 17
        chksum    = 0xd745
###[ Raw ]### 
           load      = '031902327'

got a packet
###[ Ethernet ]### 
  dst       = 08:00:00:00:02:02
  src       = 08:00:00:00:02:00
  type      = IPv4
###[ IP ]### 
     version   = 4
     ihl       = 5
     tos       = 0x1
     len       = 37
     id        = 1
     flags     = 
     frag      = 0
     ttl       = 62
     proto     = udp
     chksum    = 0x65c4
     src       = 10.0.1.1
     dst       = 10.0.2.2
     \options   \
###[ UDP ]### 
        sport     = 1234
        dport     = 4321
        len       = 17
        chksum    = 0xd745
###[ Raw ]### 
           load      = '031902327'

got a packet
###[ Ethernet ]### 
  dst       = 08:00:00:00:02:02
  src       = 08:00:00:00:02:00
  type      = IPv4
###[ IP ]### 
     version   = 4
     ihl       = 5
     tos       = 0x1
     len       = 37
     id        = 1
     flags     = 
     frag      = 0
     ttl       = 62
     proto     = udp
     chksum    = 0x65c4
     src       = 10.0.1.1
     dst       = 10.0.2.2
     \options   \
###[ UDP ]### 
        sport     = 1234
        dport     = 4321
        len       = 17
        chksum    = 0xd745
###[ Raw ]### 
           load      = '031902327'

got a packet
###[ Ethernet ]### 
  dst       = 08:00:00:00:02:02
  src       = 08:00:00:00:02:00
  type      = IPv4
###[ IP ]### 
     version   = 4
     ihl       = 5
     tos       = 0x1
     len       = 37
     id        = 1
     flags     = 
     frag      = 0
     ttl       = 62
     proto     = udp
     chksum    = 0x65c4
     src       = 10.0.1.1
     dst       = 10.0.2.2
     \options   \
###[ UDP ]### 
        sport     = 1234
        dport     = 4321
        len       = 17
        chksum    = 0xd745
###[ Raw ]### 
           load      = '031902327'

got a packet
###[ Ethernet ]### 
  dst       = 08:00:00:00:02:02
  src       = 08:00:00:00:02:00
  type      = IPv4
###[ IP ]### 
     version   = 4
     ihl       = 5
     tos       = 0x1
     len       = 37
     id        = 1
     flags     = 
     frag      = 0
     ttl       = 62
     proto     = udp
     chksum    = 0x65c4
     src       = 10.0.1.1
     dst       = 10.0.2.2
     \options   \
###[ UDP ]### 
        sport     = 1234
        dport     = 4321
        len       = 17
        chksum    = 0xd745
###[ Raw ]### 
           load      = '031902327'

got a packet
###[ Ethernet ]### 
  dst       = 08:00:00:00:02:02
  src       = 08:00:00:00:02:00
  type      = IPv4
###[ IP ]### 
     version   = 4
     ihl       = 5
     tos       = 0x1
     len       = 37
     id        = 1
     flags     = 
     frag      = 0
     ttl       = 62
     proto     = udp
     chksum    = 0x65c4
     src       = 10.0.1.1
     dst       = 10.0.2.2
     \options   \
###[ UDP ]### 
        sport     = 1234
        dport     = 4321
        len       = 17
        chksum    = 0xd745
###[ Raw ]### 
           load      = '031902327'

got a packet
###[ Ethernet ]### 
  dst       = 08:00:00:00:02:02
  src       = 08:00:00:00:02:00
  type      = IPv4
###[ IP ]### 
     version   = 4
     ihl       = 5
     tos       = 0x1
     len       = 37
     id        = 1
     flags     = 
     frag      = 0
     ttl       = 62
     proto     = udp
     chksum    = 0x65c4
     src       = 10.0.1.1
     dst       = 10.0.2.2
     \options   \
###[ UDP ]### 
        sport     = 1234
        dport     = 4321
        len       = 17
        chksum    = 0xd745
###[ Raw ]### 
           load      = '031902327'

